<?xml version="1.0" encoding="UTF-8"?>
<!-- Generated by org.testng.reporters.JUnitReportReporter -->
<testsuite skipped="0" hostname="DESKTOP-05KEVR3" name="com.crm.qa.testcases.LoginPageTest" tests="3" failures="0" timestamp="13 May 2019 19:20:18 GMT" time="39.927" errors="0">
  <testcase name="loginPageTitleTest" time="10.254" classname="com.crm.qa.testcases.LoginPageTest"/>
  <testcase name="crmLogoImageTest" time="16.186" classname="com.crm.qa.testcases.LoginPageTest"/>
  <testcase name="loginTest" time="13.487" classname="com.crm.qa.testcases.LoginPageTest"/>
</testsuite> <!-- com.crm.qa.testcases.LoginPageTest -->
